<?xml version="1.0" encoding="UTF-8"?>
<!-- Generated by org.testng.reporters.JUnitReportReporter -->
<testsuite hostname="PC-201903031619" name="com.testcase.bjaddtestcase" tests="1" failures="0" timestamp="7 Mar 2019 07:37:53 GMT" time="17.920" errors="0">
  <testcase name="add" time="17.920" classname="com.testcase.bjaddtestcase"/>
</testsuite> <!-- com.testcase.bjaddtestcase -->
