<?xml version="1.0" encoding="UTF-8"?>
<!-- Generated by org.testng.reporters.JUnitReportReporter -->
<testsuite hostname="PC-201903031619" name="com.testcase.addtestcase" tests="1" failures="0" timestamp="7 Mar 2019 07:34:51 GMT" time="17.971" errors="0">
  <testcase name="add" time="17.971" classname="com.testcase.addtestcase"/>
</testsuite> <!-- com.testcase.addtestcase -->
